<?xml version="1.0" encoding="UTF-8" standalone="no"?><testsuite errors="0" failures="1" name="Product selection and purchase" skipped="0" tests="1" time="5.53" timestamp="2025-11-19 01:59:16"><testcase name="Select a product and complete the purchase"><failure message="Expected condition failed: waiting for By.xpath: //h2[contains(text(),'Blue top')] to be present (tried for 5 second(s) with 100 milliseconds interval)&#10;Build info: version: '4.16.1', revision: '9b4c83354e'&#10;System info: os.name: 'Linux', os.arch: 'amd64', os.version: '6.14.0-35-generic', java.version: '17.0.16'&#10;Driver info: driver.version: unknown" type="net.thucydides.core.webdriver.exceptions.ElementShouldBePresentException">Expected condition failed: waiting for By.xpath: //h2[contains(text(),'Blue top')] to be present (tried for 5 second(s) with 100 milliseconds interval)
Build info: version: '4.16.1', revision: '9b4c83354e'
System info: os.name: 'Linux', os.arch: 'amd64', os.version: '6.14.0-35-generic', java.version: '17.0.16'
Driver info: driver.version: unknown</failure><system-err>Expected condition failed: waiting for By.xpath: //h2[contains(text(),'Blue top')] to be present (tried for 5 second(s) with 100 milliseconds interval)
Build info: version: '4.16.1', revision: '9b4c83354e'
System info: os.name: 'Linux', os.arch: 'amd64', os.version: '6.14.0-35-generic', java.version: '17.0.16'
Driver info: driver.version: unknown
co.com.autoex.QA.tasks.SelectProduct.performAs(SelectProduct.java:24)
co.com.autoex.QA.stepdefinitions.ProductSelectionStepDefinition.selectionProduct(ProductSelectionStepDefinition.java:31)
worker.org.gradle.process.internal.worker.GradleWorkerMain.run(GradleWorkerMain.java:69)
worker.org.gradle.process.internal.worker.GradleWorkerMain.main(GradleWorkerMain.java:74)
</system-err></testcase></testsuite>