<?xml version="1.0" encoding="UTF-8" standalone="no"?><testsuite errors="1" failures="0" name="Product selection and purchase" skipped="0" tests="1" time="2.46" timestamp="2025-11-22 11:33:23"><testcase name="Select a product and complete the purchase"><error message="Could not instantiate class org.openqa.selenium.chrome.ChromeDriver" type="net.thucydides.core.webdriver.DriverConfigurationError">Could not instantiate class org.openqa.selenium.chrome.ChromeDriver</error><system-err>Could not instantiate class org.openqa.selenium.chrome.ChromeDriver
co.com.autoex.QA.tasks.GoToHomePage.performAs(GoToHomePage.java:13)
co.com.autoex.QA.stepdefinitions.RegisterStepDefinition.iAmOnTheAutomationExercisesHomepage(RegisterStepDefinition.java:34)
worker.org.gradle.process.internal.worker.GradleWorkerMain.run(GradleWorkerMain.java:69)
worker.org.gradle.process.internal.worker.GradleWorkerMain.main(GradleWorkerMain.java:74)
</system-err></testcase></testsuite>