<?xml version="1.0" encoding="UTF-8" standalone="no"?><testsuite errors="4" failures="0" name="Register on the AutomationExercises website" skipped="0" tests="4" time="0.19" timestamp="2025-11-23 01:43:45"><testcase name="Successful registration"><error message="Cannot invoke &quot;net.serenitybdd.screenplay.Actor.attemptsTo(net.serenitybdd.screenplay.Performable[])&quot; because &quot;co.com.autoex.QA.stepdefinitions.Hooks.user&quot; is null" type="java.lang.NullPointerException">Cannot invoke "net.serenitybdd.screenplay.Actor.attemptsTo(net.serenitybdd.screenplay.Performable[])" because "co.com.autoex.QA.stepdefinitions.Hooks.user" is null</error><system-err>Cannot invoke "net.serenitybdd.screenplay.Actor.attemptsTo(net.serenitybdd.screenplay.Performable[])" because "co.com.autoex.QA.stepdefinitions.Hooks.user" is null
co.com.autoex.QA.stepdefinitions.NavigationSteps.automationExerciseHomePage(NavigationSteps.java:14)
✽.I am on the Automation Exercise home page.(file:///home/levitorresx/Udea/Octavo/Calidad%20de%20software/LAB_AUTOMATIZACION/src/test/resources/features/01_register_in_automationExercise_page.feature:8)
</system-err></testcase><testcase name="Email already registered"><error message="Cannot invoke &quot;net.serenitybdd.screenplay.Actor.attemptsTo(net.serenitybdd.screenplay.Performable[])&quot; because &quot;co.com.autoex.QA.stepdefinitions.Hooks.user&quot; is null" type="java.lang.NullPointerException">Cannot invoke "net.serenitybdd.screenplay.Actor.attemptsTo(net.serenitybdd.screenplay.Performable[])" because "co.com.autoex.QA.stepdefinitions.Hooks.user" is null</error><system-err>Cannot invoke "net.serenitybdd.screenplay.Actor.attemptsTo(net.serenitybdd.screenplay.Performable[])" because "co.com.autoex.QA.stepdefinitions.Hooks.user" is null
co.com.autoex.QA.stepdefinitions.NavigationSteps.automationExerciseHomePage(NavigationSteps.java:14)
✽.I am on the Automation Exercise home page.(file:///home/levitorresx/Udea/Octavo/Calidad%20de%20software/LAB_AUTOMATIZACION/src/test/resources/features/01_register_in_automationExercise_page.feature:8)
</system-err></testcase><testcase name="Invalid email address"><error message="Cannot invoke &quot;net.serenitybdd.screenplay.Actor.attemptsTo(net.serenitybdd.screenplay.Performable[])&quot; because &quot;co.com.autoex.QA.stepdefinitions.Hooks.user&quot; is null" type="java.lang.NullPointerException">Cannot invoke "net.serenitybdd.screenplay.Actor.attemptsTo(net.serenitybdd.screenplay.Performable[])" because "co.com.autoex.QA.stepdefinitions.Hooks.user" is null</error><system-err>Cannot invoke "net.serenitybdd.screenplay.Actor.attemptsTo(net.serenitybdd.screenplay.Performable[])" because "co.com.autoex.QA.stepdefinitions.Hooks.user" is null
co.com.autoex.QA.stepdefinitions.NavigationSteps.automationExerciseHomePage(NavigationSteps.java:14)
✽.I am on the Automation Exercise home page.(file:///home/levitorresx/Udea/Octavo/Calidad%20de%20software/LAB_AUTOMATIZACION/src/test/resources/features/01_register_in_automationExercise_page.feature:8)
</system-err></testcase><testcase name="Incomplete form data"><error message="Cannot invoke &quot;net.serenitybdd.screenplay.Actor.attemptsTo(net.serenitybdd.screenplay.Performable[])&quot; because &quot;co.com.autoex.QA.stepdefinitions.Hooks.user&quot; is null" type="java.lang.NullPointerException">Cannot invoke "net.serenitybdd.screenplay.Actor.attemptsTo(net.serenitybdd.screenplay.Performable[])" because "co.com.autoex.QA.stepdefinitions.Hooks.user" is null</error><system-err>Cannot invoke "net.serenitybdd.screenplay.Actor.attemptsTo(net.serenitybdd.screenplay.Performable[])" because "co.com.autoex.QA.stepdefinitions.Hooks.user" is null
co.com.autoex.QA.stepdefinitions.NavigationSteps.automationExerciseHomePage(NavigationSteps.java:14)
✽.I am on the Automation Exercise home page.(file:///home/levitorresx/Udea/Octavo/Calidad%20de%20software/LAB_AUTOMATIZACION/src/test/resources/features/01_register_in_automationExercise_page.feature:8)
</system-err></testcase></testsuite>